app/build/outputs/mapping/release/seeds.txt
com.tixly.app.data.Ticket
com.tixly.app.data.TicketsRepository
com.tixly.app.TicketEditActivity
com.tixly.app.MainActivity
com.tixly.app.TicketsActivity
com.tixly.app.data.TicketsRepository$loadTickets$type$1
com.tixly.app.data.TicketsRepository$removeTicket$2
com.tixly.app.data.TicketsRepository: android.content.SharedPreferences sharedPreferences
com.tixly.app.data.Ticket: java.lang.String venue
com.tixly.app.data.TicketsRepository$removeTicket$2: java.lang.String $ticketId
com.tixly.app.data.Ticket: java.util.Date createdDate
com.tixly.app.data.Ticket: java.lang.String seatInfo
com.tixly.app.data.Ticket: java.lang.String barcode
com.tixly.app.data.Ticket: java.lang.String description
com.tixly.app.data.Ticket: java.lang.String title
com.tixly.app.data.Ticket: java.util.Date eventDate
com.tixly.app.data.TicketsRepository: com.tixly.app.data.TicketsRepository INSTANCE
com.tixly.app.data.TicketsRepository: com.google.gson.Gson gson
com.tixly.app.data.TicketsRepository: java.util.List tickets
com.tixly.app.data.TicketsRepository: boolean isInitialized
com.tixly.app.data.Ticket: java.lang.String id
com.tixly.app.data.Ticket: java.lang.String pdfFilePath
com.tixly.app.data.Ticket: java.lang.String price
com.tixly.app.data.Ticket: java.lang.String pdfUri
com.tixly.app.data.Ticket: java.lang.String qrCode
com.tixly.app.data.Ticket: java.util.Date component10()
com.tixly.app.data.Ticket: java.util.Date getEventDate()
com.tixly.app.MainActivity: MainActivity()
com.tixly.app.data.Ticket: com.tixly.app.data.Ticket copy$default(com.tixly.app.data.Ticket,java.lang.String,java.lang.String,java.lang.String,java.util.Date,java.lang.String,java.lang.String,java.lang.String,java.lang.String,java.lang.String,java.util.Date,java.lang.String,java.lang.String,int,java.lang.Object)
com.tixly.app.data.TicketsRepository$removeTicket$2: TicketsRepository$removeTicket$2(java.lang.String)
com.tixly.app.data.Ticket: java.lang.String getPdfUri()
com.tixly.app.data.TicketsRepository: java.util.List getPastTickets()
com.tixly.app.data.Ticket: java.lang.String getDescription()
com.tixly.app.data.Ticket: java.lang.String getBarcode()
com.tixly.app.data.Ticket: java.lang.String component9()
com.tixly.app.data.Ticket: Ticket(java.lang.String,java.lang.String,java.lang.String,java.util.Date,java.lang.String,java.lang.String,java.lang.String,java.lang.String,java.lang.String,java.util.Date,java.lang.String,java.lang.String,int,kotlin.jvm.internal.DefaultConstructorMarker)
com.tixly.app.data.Ticket: java.lang.String getFormattedEventDate()
com.tixly.app.data.Ticket: java.lang.String getSeatInfo()
com.tixly.app.data.Ticket: java.lang.String component11()
com.tixly.app.data.Ticket: java.lang.String toString()
com.tixly.app.data.Ticket: java.lang.String getQrCode()
com.tixly.app.data.Ticket: java.lang.String getFormattedCreatedDate()
com.tixly.app.data.Ticket: java.lang.String component5()
com.tixly.app.data.Ticket: int hashCode()
com.tixly.app.data.Ticket: java.util.Date component4()
com.tixly.app.data.TicketsRepository: com.tixly.app.data.Ticket getTicketById(java.lang.String)
com.tixly.app.data.TicketsRepository: void initialize(android.content.Context)
com.tixly.app.data.Ticket: java.lang.String getId()
com.tixly.app.data.TicketsRepository$removeTicket$2: java.lang.Object invoke(java.lang.Object)
com.tixly.app.data.TicketsRepository: void loadTickets()
com.tixly.app.data.Ticket: java.lang.String getTitle()
com.tixly.app.data.TicketsRepository: void initializeWithSampleTickets()
com.tixly.app.data.TicketsRepository: java.util.List getAllTickets()
com.tixly.app.data.TicketsRepository$loadTickets$type$1: TicketsRepository$loadTickets$type$1()
com.tixly.app.data.Ticket: Ticket(java.lang.String,java.lang.String,java.lang.String,java.util.Date,java.lang.String,java.lang.String,java.lang.String,java.lang.String,java.lang.String,java.util.Date,java.lang.String,java.lang.String)
com.tixly.app.data.Ticket: java.lang.String component12()
...
com.google.android.material.textfield.TextInputLayout: void setMaxWidth(int)
androidx.appcompat.widget.ActionBarOverlayLayout: java.lang.CharSequence getTitle()
androidx.appcompat.widget.AppCompatSpinner: int getDropDownWidth()
com.google.gson.Gson$1: java.lang.Object read(com.google.gson.stream.JsonReader)
com.google.gson.internal.bind.JsonTreeReader: com.google.gson.stream.JsonToken peek()
androidx.appcompat.widget.AppCompatCheckedTextView: void setSupportCompoundDrawablesTintMode(android.graphics.PorterDuff$Mode)
androidx.core.view.MenuItemCompat$Api26Impl: android.graphics.PorterDuff$Mode getIconTintMode(android.view.MenuItem)
com.google.gson.internal.JavaVersion: int parseDotted(java.lang.String)
com.google.android.material.floatingactionbutton.FloatingActionButton: void setBackgroundTintMode(android.graphics.PorterDuff$Mode)
androidx.appcompat.widget.ActionMenuView: void setOverflowReserved(boolean)
androidx.constraintlayout.widget.ConstraintLayout: androidx.constraintlayout.widget.SharedValues getSharedValues()
androidx.core.view.ViewCompat$Api30Impl: void setImportantForContentCapture(android.view.View,int)
com.google.gson.internal.bind.TypeAdapters$4: TypeAdapters$4()
androidx.appcompat.widget.AppCompatButton: void setSupportBackgroundTintList(android.content.res.ColorStateList)
androidx.vectordrawable.graphics.drawable.VectorDrawableCompat$VFullPath: float getStrokeAlpha()
com.google.gson.LongSerializationPolicy$2: LongSerializationPolicy$2(java.lang.String,int)
androidx.constraintlayout.widget.ConstraintAttribute$AttributeType: ConstraintAttribute$AttributeType(java.lang.String,int)
com.google.android.material.chip.Chip: void setCheckedIconVisible(int)
com.google.gson.JsonPrimitive: com.google.gson.JsonPrimitive deepCopy()
androidx.core.view.MenuItemCompat$Api26Impl: android.view.MenuItem setContentDescription(android.view.MenuItem,java.lang.CharSequence)
androidx.core.content.res.ResourcesCompat$Api15Impl: android.graphics.drawable.Drawable getDrawableForDensity(android.content.res.Resources,int,int)
com.google.gson.Gson: java.lang.Object fromJson(java.lang.String,java.lang.Class)
com.google.gson.JsonArray: void addAll(com.google.gson.JsonArray)
com.google.gson.JsonElement: JsonElement()
com.google.gson.internal.bind.ObjectTypeAdapter: void write(com.google.gson.stream.JsonWriter,java.lang.Object)
androidx.recyclerview.widget.RecyclerView: void setOnScrollListener(androidx.recyclerview.widget.RecyclerView$OnScrollListener)
com.google.gson.Gson$1: void write(com.google.gson.stream.JsonWriter,java.lang.Number)
androidx.vectordrawable.graphics.drawable.VectorDrawableCompat$VPathRenderer: int getRootAlpha()
androidx.appcompat.widget.AppCompatImageButton: void setSupportBackgroundTintList(android.content.res.ColorStateList)
androidx.core.view.GravityCompat$Api17Impl: void apply(int,int,int,android.graphics.Rect,int,int,android.graphics.Rect,int)
com.google.gson.internal.NonNullElementWrapperList: java.lang.Object[] toArray(java.lang.Object[])
com.google.gson.JsonArray: boolean equals(java.lang.Object)
androidx.recyclerview.widget.RecyclerView: androidx.recyclerview.widget.RecyclerView$RecycledViewPool getRecycledViewPool()
androidx.appcompat.widget.AppCompatSpinner$Api17Impl: void setTextDirection(android.view.View,int)
androidx.core.view.ViewCompat$Api21Impl$1: ViewCompat$Api21Impl$1(android.view.View,androidx.core.view.OnApplyWindowInsetsListener)
androidx.appcompat.widget.AppCompatCheckBox: android.graphics.PorterDuff$Mode getSupportButtonTintMode()
com.google.gson.JsonElement: byte getAsByte()
com.google.gson.JsonPrimitive: float getAsFloat()
androidx.constraintlayout.widget.ConstraintLayout: void setId(int)
com.google.gson.JsonArray: double getAsDouble()
com.google.gson.internal.ConstructorConstructor$9: java.lang.Object construct()
com.google.gson.internal.LinkedTreeMap: com.google.gson.internal.LinkedTreeMap$Node removeInternalByKey(java.lang.Object)
com.google.gson.FieldAttributes: boolean hasModifier(int)