app/build/outputs/mapping/release/mapping.txt
# compiler: R8
# compiler_version: 8.1.68
# min_api: 24
# common_typos_disable
# {"id":"com.android.tools.r8.mapping","version":"2.2"}
# pg_map_id: 447c7c2
# pg_map_hash: SHA-256 447c7c2dabe997f7eb90f4d9a47fe435a92dc2bd77330f02282dfc959e60a660
com.tixly.app.MainActivity -> com.tixly.app.MainActivity:
    com.tixly.app.utils.PDFProcessor pdfProcessor -> w
    int $r8$clinit -> x
    1:1:java.lang.String getFileNameFromUri(android.net.Uri):0:0 -> r
    1:1:boolean handleIncomingIntent(android.content.Intent):0:0 -> s
    1:1:void processPdfFile(android.net.Uri):0:0 -> t
com.tixly.app.TicketEditActivity -> com.tixly.app.TicketEditActivity:
    android.widget.ImageButton buttonOpen -> A
    android.widget.ImageButton buttonReplace -> B
    android.widget.ImageButton buttonDelete -> C
    java.lang.String ticketId -> D
    java.lang.String copyFromTicketId -> E
    com.tixly.app.data.Ticket currentTicket -> F
    java.util.Calendar selectedDate -> G
    androidx.activity.result.ActivityResultLauncher selectReplacementPdfLauncher -> H
    androidx.activity.result.ActivityResultLauncher selectCopyPdfLauncher -> I
    int $r8$clinit -> J
    android.widget.EditText editTitle -> w
    android.widget.EditText editVenue -> x
    android.widget.EditText editDate -> y
    android.widget.ImageButton buttonSave -> z
    18:21:void androidx.appcompat.app.WindowDecorActionBar.setDisplayOptions(int,int):0:0 -> onCreate
    18:21:void androidx.appcompat.app.WindowDecorActionBar.setDisplayHomeAsUpEnabled(boolean):0 -> onCreate
    18:21:void onCreate(android.os.Bundle):0 -> onCreate
    22:23:int androidx.appcompat.widget.ToolbarWidgetWrapper.getDisplayOptions():0:0 -> onCreate
    22:23:void androidx.appcompat.app.WindowDecorActionBar.setDisplayOptions(int,int):0 -> onCreate
      # {"id":"com.android.tools.r8.rewriteFrame","conditions":["throws(Ljava/lang/NullPointerException;)"],"actions":["removeInnerFrames(1)"]}
    22:23:void androidx.appcompat.app.WindowDecorActionBar.setDisplayHomeAsUpEnabled(boolean):0 -> onCreate
com.tixly.app.TicketEditActivity$$ExternalSyntheticLambda0 -> f2.a:
# {"id":"sourceFile","fileName":"R8$$SyntheticClass"}
# {"id":"com.android.tools.r8.synthesized"}
    int com.tixly.app.TicketEditActivity$$InternalSyntheticLambda$1$39489e03bd6c8d3987c856b9a7bb69568185f565d9353890d528e3b025089b7e$0.$r8$classId -> a
    com.tixly.app.TicketEditActivity com.tixly.app.TicketEditActivity$$InternalSyntheticLambda$1$39489e03bd6c8d3987c856b9a7bb69568185f565d9353890d528e3b025089b7e$0.f$0 -> b
    1:8:void com.tixly.app.TicketEditActivity$$InternalSyntheticLambda$1$39489e03bd6c8d3987c856b9a7bb69568185f565d9353890d528e3b025089b7e$0.<init>(com.tixly.app.TicketEditActivity):0:0 -> <init>
    1:8:void com.tixly.app.TicketEditActivity$$InternalSyntheticLambda$1$39489e03bd6c8d3987c856b9a7bb69568185f565d9353890d528e3b025089b7e$0.$r8$init$synthetic(com.tixly.app.TicketEditActivity,int):0 -> <init>
      # {"id":"com.android.tools.r8.synthesized"}
    21:23:void com.tixly.app.TicketEditActivity.setupButtons$lambda$8(com.tixly.app.TicketEditActivity,android.view.View):0:0 -> onClick
    21:23:void com.tixly.app.TicketEditActivity$$InternalSyntheticLambda$1$39489e03bd6c8d3987c856b9a7bb69568185f565d9353890d528e3b025089b7e$0.onClick$bridge(android.view.View):0 -> onClick
      # {"id":"com.android.tools.r8.synthesized"}
    24:28:void com.tixly.app.TicketEditActivity.showDeleteConfirmation():0:0 -> onClick
...
com.google.android.material.checkbox.MaterialCheckBox -> l1.c:
    int[][] CHECKBOX_STATES -> A
    int FRAMEWORK_BUTTON_DRAWABLE_RES_ID -> B
    java.util.LinkedHashSet onErrorChangedListeners -> e
    java.util.LinkedHashSet onCheckedStateChangedListeners -> f
    android.content.res.ColorStateList materialThemeColorsTintList -> g
    boolean useMaterialThemeColors -> h
    boolean centerIfNoTextEnabled -> i
    boolean errorShown -> j
    java.lang.CharSequence errorAccessibilityLabel -> k
    android.graphics.drawable.Drawable buttonDrawable -> l
    android.graphics.drawable.Drawable buttonIconDrawable -> m
    boolean usingMaterialButtonDrawable -> n
    android.content.res.ColorStateList buttonTintList -> o
    android.content.res.ColorStateList buttonIconTintList -> p
    android.graphics.PorterDuff$Mode buttonIconTintMode -> q
    int checkedState -> r
    int[] currentStateChecked -> s
    boolean broadcasting -> t
    java.lang.CharSequence customStateDescription -> u
    android.widget.CompoundButton$OnCheckedChangeListener onCheckedChangeListener -> v
    androidx.vectordrawable.graphics.drawable.AnimatedVectorDrawableCompat transitionToUnchecked -> w
    androidx.vectordrawable.graphics.drawable.Animatable2Compat$AnimationCallback transitionToUncheckedCallback -> x
    int[] INDETERMINATE_STATE_SET -> y
    int[] ERROR_STATE_SET -> z
    1:1:void <clinit>():0:0 -> <clinit>
com.google.android.material.checkbox.MaterialCheckBox$1 -> l1.a:
    android.graphics.drawable.Animatable2$AnimationCallback androidx.vectordrawable.graphics.drawable.Animatable2Compat$AnimationCallback.mPlatformCallback -> a
    com.google.android.material.checkbox.MaterialCheckBox this$0 -> b
    3:6:void androidx.vectordrawable.graphics.drawable.Animatable2Compat$AnimationCallback.<init>():0:0 -> <init>
    3:6:void <init>(com.google.android.material.checkbox.MaterialCheckBox):0 -> <init>
      # {"id":"com.android.tools.r8.residualsignature","signature":"(Ll1/c;)V"}
com.google.android.material.checkbox.MaterialCheckBox$SavedState -> l1.b:
    int checkedState -> b
    1:1:void <clinit>():0:0 -> <clinit>
    1:22:void com.google.android.material.checkbox.MaterialCheckBox$SavedState.<init>(android.os.Parcel):0:0 -> <init>
    1:22:void <init>(android.os.Parcel,com.google.android.material.checkbox.MaterialCheckBox$1):0 -> <init>
      # {"id":"com.android.tools.r8.residualsignature","signature":"(Landroid/os/Parcel;)V"}
    24:39:java.lang.String com.google.android.material.checkbox.MaterialCheckBox$SavedState.getCheckedStateString():0:0 -> toString
    24:39:java.lang.String toString():0 -> toString
    40:52:java.lang.String toString():0:0 -> toString
    1:1:void writeToParcel(android.os.Parcel,int):0:0 -> writeToParcel