app/build/outputs/mapping/release/usage.txt
com.tixly.app.MainActivity:
    private final void setupButtons()
    private static final void setupButtons$lambda$3(com.tixly.app.MainActivity,android.view.View)
    private static final void setupButtons$lambda$4(com.tixly.app.MainActivity,android.view.View)
    private static final void setupButtons$lambda$5(com.tixly.app.MainActivity,android.view.View)
com.tixly.app.R$color
com.tixly.app.R$id:
    public static int buttonAddTicket
    public static int buttonExit
    public static int buttonViewTickets
    private void <init>()
com.tixly.app.R$layout:
    public static int activity_main
    private void <init>()
com.tixly.app.R$menu:
    private void <init>()
com.tixly.app.R$mipmap
com.tixly.app.R$string
com.tixly.app.R$style
com.tixly.app.R$xml
com.tixly.app.R
com.tixly.app.utils.CalendarHelper
com.tixly.app.MainActivity$$InternalSyntheticLambda$1$c0c87252aee1a2a0d7e84c883f143d55fd7f1b316b51db4d9afa66c0435eeb15$0
com.tixly.app.MainActivity:
    public final androidx.activity.result.ActivityResultLauncher selectPdfLauncher
com.tixly.app.R$id
com.tixly.app.R$layout
com.tixly.app.R$menu
com.tixly.app.TicketEditActivity$$InternalSyntheticLambda$1$39489e03bd6c8d3987c856b9a7bb69568185f565d9353890d528e3b025089b7e$1
com.tixly.app.TicketEditActivity$$InternalSyntheticLambda$1$39489e03bd6c8d3987c856b9a7bb69568185f565d9353890d528e3b025089b7e$2
com.tixly.app.TicketEditActivity$$InternalSyntheticLambda$1$39489e03bd6c8d3987c856b9a7bb69568185f565d9353890d528e3b025089b7e$3
com.tixly.app.TicketEditActivity$$InternalSyntheticLambda$1$645c63a2a5fba0c8c53f811b1bf47b0744885f0e322a413efb69ff6f4246c9c4$1
com.tixly.app.TicketEditActivity$$InternalSyntheticLambda$1$f0d9f771fec263651705ce42d34ab7b1ea662531bd2cb71915c92cbe48fd8575$0
com.tixly.app.TicketEditActivity$$InternalSyntheticLambda$2$ebe971d968cd833198484ce0040f66ff456b1046b1b7de0f8ad9b9236009bc83$0
com.tixly.app.TicketEditActivity:
    public static void initViews()
    public static void loadTicketData()
    public static void openTicketPdf()
    public static void replacePdfFile()
    public static void saveTicket()
    public static void selectReplacementPdf()
    public static void setupButtons()
    public static void showDateTimePicker()
    public static void showDeleteConfirmation()
    public static void showTimePicker()
    public static void validateAndSetCopyPdf()
com.tixly.app.TicketsActivity$$InternalSyntheticLambda$1$18afe06d1c96ec72392e2fd060af0aa353508258450022f707a1320a5d220437$0:
    public final synthetic kotlin.jvm.functions.Function2 f$0
com.tixly.app.TicketsActivity$$InternalSyntheticLambda$1$c2079c6e1e8062c165c02b145ec2b371c728c1228fb62416931f995b6080065e$0
com.tixly.app.TicketsActivity$$InternalSyntheticLambda$1$cf19d8ee10ac7701453d013ba54cd7695f1b429ebdecfe363b29595125fd31b9$0
com.tixly.app.TicketsActivity$loadTickets$sortedTickets$1$$InternalSyntheticThrowCCEIfNotNull$12$b594adb389e3070e146accf03721b33e0071a877cd289cca5b439a24a189003a$0
com.tixly.app.TicketsActivity$loadTickets$sortedTickets$1$$InternalSyntheticThrowCCEIfNotNull$166$6626faa4bf8e9e6081a55c167dd600eed32b4ad4adef65147735728326589e70$1
com.tixly.app.TicketsActivity$loadTickets$sortedTickets$1$$InternalSyntheticThrowCCEIfNotNull$166$6626faa4bf8e9e6081a55c167dd600eed32b4ad4adef65147735728326589e70$2
...
androidx.constraintlayout.core.state.State$1
androidx.constraintlayout.core.state.State$Chain
androidx.constraintlayout.core.state.State$Constraint
androidx.constraintlayout.core.state.State$Direction
androidx.constraintlayout.core.state.State$Helper
androidx.constraintlayout.core.state.State
androidx.constraintlayout.core.state.Transition$KeyPosition
androidx.constraintlayout.core.state.Transition$WidgetState
androidx.constraintlayout.core.state.Transition
androidx.constraintlayout.core.state.WidgetFrame:
    private static final boolean OLD_SYSTEM
    public void <init>()
    public void <init>(androidx.constraintlayout.core.state.WidgetFrame)
    private static void add(java.lang.StringBuilder,java.lang.String,float)
    private static void add(java.lang.StringBuilder,java.lang.String,int)
    public void addCustomColor(java.lang.String,int)
    public void addCustomFloat(java.lang.String,float)
    public float centerX()
    public float centerY()
    public androidx.constraintlayout.core.motion.CustomVariable getCustomAttribute(java.lang.String)
    public java.util.Set getCustomAttributeNames()
    public int getCustomColor(java.lang.String)
    public float getCustomFloat(java.lang.String)
    public java.lang.String getId()
    public int height()
    private static float interpolate(float,float,float,float)
    public static void interpolate(int,int,androidx.constraintlayout.core.state.WidgetFrame,androidx.constraintlayout.core.state.WidgetFrame,androidx.constraintlayout.core.state.WidgetFrame,androidx.constraintlayout.core.state.Transition,float)
    public boolean isDefaultTransform()
    void logv(java.lang.String)
    void parseCustom(androidx.constraintlayout.core.parser.CLElement)
    void printCustomAttributes()
    public java.lang.StringBuilder serialize(java.lang.StringBuilder)
    public java.lang.StringBuilder serialize(java.lang.StringBuilder,boolean)
androidx.constraintlayout.core.state.helpers.AlignHorizontallyReference
androidx.constraintlayout.core.state.helpers.AlignVerticallyReference
androidx.constraintlayout.core.state.helpers.BarrierReference$1
androidx.constraintlayout.core.state.helpers.BarrierReference
androidx.constraintlayout.core.state.helpers.ChainReference
androidx.constraintlayout.core.state.helpers.Facade
androidx.constraintlayout.core.state.helpers.GuidelineReference
androidx.constraintlayout.core.state.helpers.HorizontalChainReference$1
androidx.constraintlayout.core.state.helpers.HorizontalChainReference
androidx.constraintlayout.core.state.helpers.VerticalChainReference$1
androidx.constraintlayout.core.state.helpers.VerticalChainReference
androidx.constraintlayout.core.widgets.Barrier:
    public static final int BOTTOM
    public static final int LEFT
    public static final int RIGHT
    public static final int TOP
    private static final boolean USE_RELAX_GONE
    private static final boolean USE_RESOLUTION
    public void <init>(java.lang.String)
    public boolean allowsGoneWidget()
    public void copy(androidx.constraintlayout.core.widgets.ConstraintWidget,java.util.HashMap)
androidx.constraintlayout.core.widgets.Chain:
    private static final boolean DEBUG
    public static final boolean USE_CHAIN_OPTIMIZATION
    public void <init>()
androidx.constraintlayout.core.widgets.ChainHead:
    public androidx.constraintlayout.core.widgets.ConstraintWidget getFirst()
    public androidx.constraintlayout.core.widgets.ConstraintWidget getFirstMatchConstraintWidget()
    public androidx.constraintlayout.core.widgets.ConstraintWidget getFirstVisibleWidget()
    public androidx.constraintlayout.core.widgets.ConstraintWidget getHead()
    public androidx.constraintlayout.core.widgets.ConstraintWidget getLast()
    public androidx.constraintlayout.core.widgets.ConstraintWidget getLastMatchConstraintWidget()
    public androidx.constraintlayout.core.widgets.ConstraintWidget getLastVisibleWidget()
    public float getTotalWeight()